[0.114s] DEBUG:colcon:Command line arguments: ['/usr/bin/colcon', 'build', '--packages-select', 'rover_config']
[0.115s] DEBUG:colcon:Parsed command line arguments: Namespace(ament_cmake_args=None, base_paths='.', build_base='build', catkin_cmake_args=None, catkin_skip_building_tests=False, cmake_args=None, cmake_clean_cache=False, cmake_clean_first=False, cmake_force_configure=False, cmake_target=None, cmake_target_skip_unavailable=False, continue_on_error=False, event_handlers=None, executor='parallel', ignore_user_meta=False, install_base='install', log_base=None, log_level=None, main=<bound method BuildVerb.main of <colcon_core.verb.build.BuildVerb object at 0x7fc3347e8320>>, merge_install=False, metas='./colcon.meta', packages_above=None, packages_above_depth=None, packages_end=None, packages_ignore=None, packages_ignore_regex=None, packages_select=['rover_config'], packages_select_build_failed=False, packages_select_by_dep=None, packages_select_regex=None, packages_select_test_failures=False, packages_skip=None, packages_skip_build_finished=False, packages_skip_by_dep=None, packages_skip_regex=None, packages_skip_test_passed=False, packages_skip_up_to=None, packages_start=None, packages_up_to=None, parallel_workers=12, paths=None, symlink_install=False, test_result_base=None, verb_extension=<colcon_core.verb.build.BuildVerb object at 0x7fc3347e8320>, verb_name='build', verb_parser=<colcon_defaults.argument_parser.defaults.DefaultArgumentsDecorator object at 0x7fc3347e8630>)
[0.145s] Level 1:colcon.colcon_core.package_discovery:discover_packages(colcon_meta) check parameters
[0.145s] Level 1:colcon.colcon_core.package_discovery:discover_packages(recursive) check parameters
[0.145s] Level 1:colcon.colcon_core.package_discovery:discover_packages(ignore) check parameters
[0.145s] Level 1:colcon.colcon_core.package_discovery:discover_packages(path) check parameters
[0.145s] Level 1:colcon.colcon_core.package_discovery:discover_packages(recursive) discover
[0.145s] INFO:colcon.colcon_core.package_discovery:Crawling recursively for packages in '/home/freki/rover_wss/ros2_ws/src/rover_config/urdf'
[0.145s] Level 1:colcon.colcon_core.package_identification:_identify(/home/freki/rover_wss/ros2_ws/src/rover_config/urdf) by extensions ['ignore', 'ignore_ament_install']
[0.145s] Level 1:colcon.colcon_core.package_identification:_identify(/home/freki/rover_wss/ros2_ws/src/rover_config/urdf) by extension 'ignore'
[0.145s] Level 1:colcon.colcon_core.package_identification:_identify(/home/freki/rover_wss/ros2_ws/src/rover_config/urdf) by extension 'ignore_ament_install'
[0.145s] Level 1:colcon.colcon_core.package_identification:_identify(/home/freki/rover_wss/ros2_ws/src/rover_config/urdf) by extensions ['colcon_pkg']
[0.145s] Level 1:colcon.colcon_core.package_identification:_identify(/home/freki/rover_wss/ros2_ws/src/rover_config/urdf) by extension 'colcon_pkg'
[0.146s] Level 1:colcon.colcon_core.package_identification:_identify(/home/freki/rover_wss/ros2_ws/src/rover_config/urdf) by extensions ['colcon_meta']
[0.146s] Level 1:colcon.colcon_core.package_identification:_identify(/home/freki/rover_wss/ros2_ws/src/rover_config/urdf) by extension 'colcon_meta'
[0.146s] Level 1:colcon.colcon_core.package_identification:_identify(/home/freki/rover_wss/ros2_ws/src/rover_config/urdf) by extensions ['ros']
[0.146s] Level 1:colcon.colcon_core.package_identification:_identify(/home/freki/rover_wss/ros2_ws/src/rover_config/urdf) by extension 'ros'
[0.154s] Level 1:colcon.colcon_core.package_identification:_identify(/home/freki/rover_wss/ros2_ws/src/rover_config/urdf) by extensions ['cmake', 'python']
[0.155s] Level 1:colcon.colcon_core.package_identification:_identify(/home/freki/rover_wss/ros2_ws/src/rover_config/urdf) by extension 'cmake'
[0.155s] Level 1:colcon.colcon_core.package_identification:_identify(/home/freki/rover_wss/ros2_ws/src/rover_config/urdf) by extension 'python'
[0.155s] Level 1:colcon.colcon_core.package_identification:_identify(/home/freki/rover_wss/ros2_ws/src/rover_config/urdf) by extensions ['python_setup_py']
[0.155s] Level 1:colcon.colcon_core.package_identification:_identify(/home/freki/rover_wss/ros2_ws/src/rover_config/urdf) by extension 'python_setup_py'
[0.155s] Level 1:colcon.colcon_core.package_identification:_identify(/home/freki/rover_wss/ros2_ws/src/rover_config/urdf/build) by extensions ['ignore', 'ignore_ament_install']
[0.155s] Level 1:colcon.colcon_core.package_identification:_identify(/home/freki/rover_wss/ros2_ws/src/rover_config/urdf/build) by extension 'ignore'
[0.155s] Level 1:colcon.colcon_core.package_identification:_identify(/home/freki/rover_wss/ros2_ws/src/rover_config/urdf/build) ignored
[0.155s] Level 1:colcon.colcon_core.package_identification:_identify(/home/freki/rover_wss/ros2_ws/src/rover_config/urdf/install) by extensions ['ignore', 'ignore_ament_install']
[0.155s] Level 1:colcon.colcon_core.package_identification:_identify(/home/freki/rover_wss/ros2_ws/src/rover_config/urdf/install) by extension 'ignore'
[0.155s] Level 1:colcon.colcon_core.package_identification:_identify(/home/freki/rover_wss/ros2_ws/src/rover_config/urdf/install) ignored
[0.155s] Level 1:colcon.colcon_core.package_identification:_identify(/home/freki/rover_wss/ros2_ws/src/rover_config/urdf/log) by extensions ['ignore', 'ignore_ament_install']
[0.156s] Level 1:colcon.colcon_core.package_identification:_identify(/home/freki/rover_wss/ros2_ws/src/rover_config/urdf/log) by extension 'ignore'
[0.156s] Level 1:colcon.colcon_core.package_identification:_identify(/home/freki/rover_wss/ros2_ws/src/rover_config/urdf/log) ignored
[0.156s] Level 1:colcon.colcon_core.package_discovery:discover_packages(recursive) using defaults
[0.156s] WARNING:colcon.colcon_core.package_selection:ignoring unknown package 'rover_config' in --packages-select
[0.158s] INFO:colcon.colcon_core.executor:Executing jobs using 'parallel' executor
[0.159s] DEBUG:colcon.colcon_parallel_executor.executor.parallel:run_until_complete
[0.159s] DEBUG:colcon.colcon_parallel_executor.executor.parallel:closing loop
[0.159s] DEBUG:colcon.colcon_parallel_executor.executor.parallel:loop closed
[0.159s] DEBUG:colcon.colcon_parallel_executor.executor.parallel:run_until_complete finished with '0'
[0.159s] DEBUG:colcon.colcon_core.event_reactor:joining thread
[0.164s] INFO:colcon.colcon_core.plugin_system:Skipping extension 'colcon_notification.desktop_notification.terminal_notifier': Not used on non-Darwin systems
[0.164s] INFO:colcon.colcon_core.plugin_system:Skipping extension 'colcon_notification.desktop_notification.win32': Not used on non-Windows systems
[0.164s] INFO:colcon.colcon_notification.desktop_notification:Sending desktop notification using 'notify2'
[0.166s] DEBUG:colcon.colcon_core.event_reactor:joined thread
[0.169s] INFO:colcon.colcon_core.plugin_system:Skipping extension 'colcon_core.shell.bat': Not used on non-Windows systems
[0.170s] INFO:colcon.colcon_core.shell:Creating prefix script '/home/freki/rover_wss/ros2_ws/src/rover_config/urdf/install/local_setup.ps1'
[0.170s] INFO:colcon.colcon_core.shell:Creating prefix util module '/home/freki/rover_wss/ros2_ws/src/rover_config/urdf/install/_local_setup_util_ps1.py'
[0.171s] INFO:colcon.colcon_core.shell:Creating prefix chain script '/home/freki/rover_wss/ros2_ws/src/rover_config/urdf/install/setup.ps1'
[0.174s] INFO:colcon.colcon_core.shell:Creating prefix script '/home/freki/rover_wss/ros2_ws/src/rover_config/urdf/install/local_setup.sh'
[0.174s] INFO:colcon.colcon_core.shell:Creating prefix util module '/home/freki/rover_wss/ros2_ws/src/rover_config/urdf/install/_local_setup_util_sh.py'
[0.175s] INFO:colcon.colcon_core.shell:Creating prefix chain script '/home/freki/rover_wss/ros2_ws/src/rover_config/urdf/install/setup.sh'
[0.176s] INFO:colcon.colcon_core.shell:Creating prefix script '/home/freki/rover_wss/ros2_ws/src/rover_config/urdf/install/local_setup.bash'
[0.177s] INFO:colcon.colcon_core.shell:Creating prefix chain script '/home/freki/rover_wss/ros2_ws/src/rover_config/urdf/install/setup.bash'
[0.178s] INFO:colcon.colcon_core.shell:Creating prefix script '/home/freki/rover_wss/ros2_ws/src/rover_config/urdf/install/local_setup.zsh'
[0.179s] INFO:colcon.colcon_core.shell:Creating prefix chain script '/home/freki/rover_wss/ros2_ws/src/rover_config/urdf/install/setup.zsh'
